# JRE version: OpenJDK Runtime Environment Temurin-17.0.10+7 (17.0.10+7) (build 17.0.10+7)
# Java VM: OpenJDK 64-Bit Server VM Temurin-17.0.10+7 (17.0.10+7, mixed mode, tiered, compressed oops, compressed class ptrs, parallel gc, windows-amd64)
GC Precious Log:
 CPUs: 8 total, 8 available
 Memory: 6086M
 Large Page Support: Disabled
 NUMA Support: Disabled
 Compressed Oops: Enabled (32-bit)
 Alignments: Space 512K, Generation 512K, Heap 2M
 Heap Min Capacity: 100M
 Heap Initial Capacity: 100M
 Heap Max Capacity: 1G
 Pre-touch: Disabled
 Parallel Workers: 8
Heap:
 PSYoungGen      total 3584K, used 2897K [0x00000000eab00000, 0x00000000eb100000, 0x0000000100000000)
  eden space 3072K, 86% used [0x00000000eab00000,0x00000000ead947e0,0x00000000eae00000)
  from space 512K, 50% used [0x00000000eb000000,0x00000000eb040000,0x00000000eb080000)
  to   space 512K, 0% used [0x00000000eb080000,0x00000000eb080000,0x00000000eb100000)
 ParOldGen       total 358912K, used 333444K [0x00000000c0000000, 0x00000000d5e80000, 0x00000000eab00000)
  object space 358912K, 92% used [0x00000000c0000000,0x00000000d45a1290,0x00000000d5e80000)
 Metaspace       used 62393K, committed 63424K, reserved 1114112K
  class space    used 6733K, committed 7168K, reserved 1048576K
GC Heap History (20 events):
Event: 443890.981 GC heap before
{Heap before GC invocations=198 (full 12):
 PSYoungGen      total 3584K, used 3296K [0x00000000eab00000, 0x00000000eb100000, 0x0000000100000000)
  eden space 3072K, 100% used [0x00000000eab00000,0x00000000eae00000,0x00000000eae00000)
  from space 512K, 43% used [0x00000000eb000000,0x00000000eb038000,0x00000000eb080000)
  to   space 512K, 0% used [0x00000000eb080000,0x00000000eb080000,0x00000000eb100000)
 ParOldGen       total 358912K, used 333388K [0x00000000c0000000, 0x00000000d5e80000, 0x00000000eab00000)
  object space 358912K, 92% used [0x00000000c0000000,0x00000000d4593290,0x00000000d5e80000)
 Metaspace       used 62173K, committed 63232K, reserved 1114112K
  class space    used 6711K, committed 7168K, reserved 1048576K
}
Event: 443891.126 GC heap after
{Heap after GC invocations=198 (full 12):
 PSYoungGen      total 3584K, used 192K [0x00000000eab00000, 0x00000000eb100000, 0x0000000100000000)
  eden space 3072K, 0% used [0x00000000eab00000,0x00000000eab00000,0x00000000eae00000)
  from space 512K, 37% used [0x00000000eb080000,0x00000000eb0b0000,0x00000000eb100000)
  to   space 512K, 0% used [0x00000000eb000000,0x00000000eb000000,0x00000000eb080000)
 ParOldGen       total 358912K, used 333396K [0x00000000c0000000, 0x00000000d5e80000, 0x00000000eab00000)
  object space 358912K, 92% used [0x00000000c0000000,0x00000000d4595290,0x00000000d5e80000)
 Metaspace       used 62173K, committed 63232K, reserved 1114112K
  class space    used 6711K, committed 7168K, reserved 1048576K
}
Event: 446509.814 GC heap before
{Heap before GC invocations=199 (full 12):
 PSYoungGen      total 3584K, used 3264K [0x00000000eab00000, 0x00000000eb100000, 0x0000000100000000)
  eden space 3072K, 100% used [0x00000000eab00000,0x00000000eae00000,0x00000000eae00000)
  from space 512K, 37% used [0x00000000eb080000,0x00000000eb0b0000,0x00000000eb100000)
  to   space 512K, 0% used [0x00000000eb000000,0x00000000eb000000,0x00000000eb080000)
 ParOldGen       total 358912K, used 333396K [0x00000000c0000000, 0x00000000d5e80000, 0x00000000eab00000)
  object space 358912K, 92% used [0x00000000c0000000,0x00000000d4595290,0x00000000d5e80000)
 Metaspace       used 62174K, committed 63232K, reserved 1114112K
  class space    used 6711K, committed 7168K, reserved 1048576K
}
Event: 446509.938 GC heap after
{Heap after GC invocations=199 (full 12):
 PSYoungGen      total 3584K, used 192K [0x00000000eab00000, 0x00000000eb100000, 0x0000000100000000)
  eden space 3072K, 0% used [0x00000000eab00000,0x00000000eab00000,0x00000000eae00000)
  from space 512K, 37% used [0x00000000eb000000,0x00000000eb030000,0x00000000eb080000)
  to   space 512K, 0% used [0x00000000eb080000,0x00000000eb080000,0x00000000eb100000)
 ParOldGen       total 358912K, used 333404K [0x00000000c0000000, 0x00000000d5e80000, 0x00000000eab00000)
  object space 358912K, 92% used [0x00000000c0000000,0x00000000d4597290,0x00000000d5e80000)
 Metaspace       used 62174K, committed 63232K, reserved 1114112K
  class space    used 6711K, committed 7168K, reserved 1048576K
}
Event: 457412.465 GC heap before
{Heap before GC invocations=200 (full 12):
 PSYoungGen      total 3584K, used 3264K [0x00000000eab00000, 0x00000000eb100000, 0x0000000100000000)
  eden space 3072K, 100% used [0x00000000eab00000,0x00000000eae00000,0x00000000eae00000)
  from space 512K, 37% used [0x00000000eb000000,0x00000000eb030000,0x00000000eb080000)
  to   space 512K, 0% used [0x00000000eb080000,0x00000000eb080000,0x00000000eb100000)
 ParOldGen       total 358912K, used 333404K [0x00000000c0000000, 0x00000000d5e80000, 0x00000000eab00000)
  object space 358912K, 92% used [0x00000000c0000000,0x00000000d4597290,0x00000000d5e80000)
 Metaspace       used 62181K, committed 63232K, reserved 1114112K
  class space    used 6711K, committed 7168K, reserved 1048576K
}
Event: 457412.615 GC heap after
{Heap after GC invocations=200 (full 12):
 PSYoungGen      total 3584K, used 192K [0x00000000eab00000, 0x00000000eb100000, 0x0000000100000000)
  eden space 3072K, 0% used [0x00000000eab00000,0x00000000eab00000,0x00000000eae00000)
  from space 512K, 37% used [0x00000000eb080000,0x00000000eb0b0000,0x00000000eb100000)
  to   space 512K, 0% used [0x00000000eb000000,0x00000000eb000000,0x00000000eb080000)
 ParOldGen       total 358912K, used 333412K [0x00000000c0000000, 0x00000000d5e80000, 0x00000000eab00000)
  object space 358912K, 92% used [0x00000000c0000000,0x00000000d4599290,0x00000000d5e80000)
 Metaspace       used 62181K, committed 63232K, reserved 1114112K
  class space    used 6711K, committed 7168K, reserved 1048576K
}
Event: 463665.523 GC heap before
{Heap before GC invocations=201 (full 12):
 PSYoungGen      total 3584K, used 3264K [0x00000000eab00000, 0x00000000eb100000, 0x0000000100000000)
  eden space 3072K, 100% used [0x00000000eab00000,0x00000000eae00000,0x00000000eae00000)
  from space 512K, 37% used [0x00000000eb080000,0x00000000eb0b0000,0x00000000eb100000)
  to   space 512K, 0% used [0x00000000eb000000,0x00000000eb000000,0x00000000eb080000)
 ParOldGen       total 358912K, used 333412K [0x00000000c0000000, 0x00000000d5e80000, 0x00000000eab00000)
  object space 358912K, 92% used [0x00000000c0000000,0x00000000d4599290,0x00000000d5e80000)
 Metaspace       used 62183K, committed 63232K, reserved 1114112K
  class space    used 6711K, committed 7168K, reserved 1048576K
}
Event: 463665.700 GC heap after
{Heap after GC invocations=201 (full 12):
 PSYoungGen      total 3584K, used 192K [0x00000000eab00000, 0x00000000eb100000, 0x0000000100000000)
  eden space 3072K, 0% used [0x00000000eab00000,0x00000000eab00000,0x00000000eae00000)
  from space 512K, 37% used [0x00000000eb000000,0x00000000eb030000,0x00000000eb080000)
  to   space 512K, 0% used [0x00000000eb080000,0x00000000eb080000,0x00000000eb100000)
 ParOldGen       total 358912K, used 333412K [0x00000000c0000000, 0x00000000d5e80000, 0x00000000eab00000)
  object space 358912K, 92% used [0x00000000c0000000,0x00000000d4599290,0x00000000d5e80000)
 Metaspace       used 62183K, committed 63232K, reserved 1114112K
  class space    used 6711K, committed 7168K, reserved 1048576K
}
Event: 510220.932 GC heap before
{Heap before GC invocations=202 (full 12):
 PSYoungGen      total 3584K, used 3263K [0x00000000eab00000, 0x00000000eb100000, 0x0000000100000000)
  eden space 3072K, 99% used [0x00000000eab00000,0x00000000eadfffa8,0x00000000eae00000)
  from space 512K, 37% used [0x00000000eb000000,0x00000000eb030000,0x00000000eb080000)
  to   space 512K, 0% used [0x00000000eb080000,0x00000000eb080000,0x00000000eb100000)
 ParOldGen       total 358912K, used 333412K [0x00000000c0000000, 0x00000000d5e80000, 0x00000000eab00000)
  object space 358912K, 92% used [0x00000000c0000000,0x00000000d4599290,0x00000000d5e80000)
 Metaspace       used 62185K, committed 63232K, reserved 1114112K
  class space    used 6711K, committed 7168K, reserved 1048576K
}
Event: 510221.093 GC heap after
{Heap after GC invocations=202 (full 12):
 PSYoungGen      total 3584K, used 256K [0x00000000eab00000, 0x00000000eb100000, 0x0000000100000000)
  eden space 3072K, 0% used [0x00000000eab00000,0x00000000eab00000,0x00000000eae00000)
  from space 512K, 50% used [0x00000000eb080000,0x00000000eb0c0000,0x00000000eb100000)
  to   space 512K, 0% used [0x00000000eb000000,0x00000000eb000000,0x00000000eb080000)
 ParOldGen       total 358912K, used 333412K [0x00000000c0000000, 0x00000000d5e80000, 0x00000000eab00000)
  object space 358912K, 92% used [0x00000000c0000000,0x00000000d4599290,0x00000000d5e80000)
 Metaspace       used 62185K, committed 63232K, reserved 1114112K
  class space    used 6711K, committed 7168K, reserved 1048576K
}
Event: 628644.559 GC heap before
{Heap before GC invocations=203 (full 12):
 PSYoungGen      total 3584K, used 3328K [0x00000000eab00000, 0x00000000eb100000, 0x0000000100000000)
  eden space 3072K, 100% used [0x00000000eab00000,0x00000000eae00000,0x00000000eae00000)
  from space 512K, 50% used [0x00000000eb080000,0x00000000eb0c0000,0x00000000eb100000)
  to   space 512K, 0% used [0x00000000eb000000,0x00000000eb000000,0x00000000eb080000)
 ParOldGen       total 358912K, used 333412K [0x00000000c0000000, 0x00000000d5e80000, 0x00000000eab00000)
  object space 358912K, 92% used [0x00000000c0000000,0x00000000d4599290,0x00000000d5e80000)
 Metaspace       used 62239K, committed 63296K, reserved 1114112K
  class space    used 6711K, committed 7168K, reserved 1048576K
}
Event: 628644.738 GC heap after
{Heap after GC invocations=203 (full 12):
 PSYoungGen      total 3584K, used 128K [0x00000000eab00000, 0x00000000eb100000, 0x0000000100000000)
  eden space 3072K, 0% used [0x00000000eab00000,0x00000000eab00000,0x00000000eae00000)
  from space 512K, 25% used [0x00000000eb000000,0x00000000eb020000,0x00000000eb080000)
  to   space 512K, 0% used [0x00000000eb080000,0x00000000eb080000,0x00000000eb100000)
 ParOldGen       total 358912K, used 333420K [0x00000000c0000000, 0x00000000d5e80000, 0x00000000eab00000)
  object space 358912K, 92% used [0x00000000c0000000,0x00000000d459b290,0x00000000d5e80000)
 Metaspace       used 62239K, committed 63296K, reserved 1114112K
  class space    used 6711K, committed 7168K, reserved 1048576K
}
Event: 631645.704 GC heap before
{Heap before GC invocations=204 (full 12):
 PSYoungGen      total 3584K, used 3200K [0x00000000eab00000, 0x00000000eb100000, 0x0000000100000000)
  eden space 3072K, 100% used [0x00000000eab00000,0x00000000eae00000,0x00000000eae00000)
  from space 512K, 25% used [0x00000000eb000000,0x00000000eb020000,0x00000000eb080000)
  to   space 512K, 0% used [0x00000000eb080000,0x00000000eb080000,0x00000000eb100000)
 ParOldGen       total 358912K, used 333420K [0x00000000c0000000, 0x00000000d5e80000, 0x00000000eab00000)
  object space 358912K, 92% used [0x00000000c0000000,0x00000000d459b290,0x00000000d5e80000)
 Metaspace       used 62247K, committed 63296K, reserved 1114112K
  class space    used 6711K, committed 7168K, reserved 1048576K
}
Event: 631645.831 GC heap after
{Heap after GC invocations=204 (full 12):
 PSYoungGen      total 3584K, used 160K [0x00000000eab00000, 0x00000000eb100000, 0x0000000100000000)
  eden space 3072K, 0% used [0x00000000eab00000,0x00000000eab00000,0x00000000eae00000)
  from space 512K, 31% used [0x00000000eb080000,0x00000000eb0a8000,0x00000000eb100000)
  to   space 512K, 0% used [0x00000000eb000000,0x00000000eb000000,0x00000000eb080000)
 ParOldGen       total 358912K, used 333436K [0x00000000c0000000, 0x00000000d5e80000, 0x00000000eab00000)
  object space 358912K, 92% used [0x00000000c0000000,0x00000000d459f290,0x00000000d5e80000)
 Metaspace       used 62247K, committed 63296K, reserved 1114112K
  class space    used 6711K, committed 7168K, reserved 1048576K
}
Event: 946297.723 GC heap before
{Heap before GC invocations=205 (full 12):
 PSYoungGen      total 3584K, used 3232K [0x00000000eab00000, 0x00000000eb100000, 0x0000000100000000)
  eden space 3072K, 100% used [0x00000000eab00000,0x00000000eae00000,0x00000000eae00000)
  from space 512K, 31% used [0x00000000eb080000,0x00000000eb0a8000,0x00000000eb100000)
  to   space 512K, 0% used [0x00000000eb000000,0x00000000eb000000,0x00000000eb080000)
 ParOldGen       total 358912K, used 333436K [0x00000000c0000000, 0x00000000d5e80000, 0x00000000eab00000)
  object space 358912K, 92% used [0x00000000c0000000,0x00000000d459f290,0x00000000d5e80000)
 Metaspace       used 62251K, committed 63296K, reserved 1114112K
  class space    used 6711K, committed 7168K, reserved 1048576K
}
Event: 946298.121 GC heap after
{Heap after GC invocations=205 (full 12):
 PSYoungGen      total 3584K, used 192K [0x00000000eab00000, 0x00000000eb100000, 0x0000000100000000)
  eden space 3072K, 0% used [0x00000000eab00000,0x00000000eab00000,0x00000000eae00000)
  from space 512K, 37% used [0x00000000eb000000,0x00000000eb030000,0x00000000eb080000)
  to   space 512K, 0% used [0x00000000eb080000,0x00000000eb080000,0x00000000eb100000)
 ParOldGen       total 358912K, used 333436K [0x00000000c0000000, 0x00000000d5e80000, 0x00000000eab00000)
  object space 358912K, 92% used [0x00000000c0000000,0x00000000d459f290,0x00000000d5e80000)
 Metaspace       used 62251K, committed 63296K, reserved 1114112K
  class space    used 6711K, committed 7168K, reserved 1048576K
}
Event: 949729.471 GC heap before
{Heap before GC invocations=206 (full 12):
 PSYoungGen      total 3584K, used 3264K [0x00000000eab00000, 0x00000000eb100000, 0x0000000100000000)
  eden space 3072K, 100% used [0x00000000eab00000,0x00000000eae00000,0x00000000eae00000)
  from space 512K, 37% used [0x00000000eb000000,0x00000000eb030000,0x00000000eb080000)
  to   space 512K, 0% used [0x00000000eb080000,0x00000000eb080000,0x00000000eb100000)
 ParOldGen       total 358912K, used 333436K [0x00000000c0000000, 0x00000000d5e80000, 0x00000000eab00000)
  object space 358912K, 92% used [0x00000000c0000000,0x00000000d459f290,0x00000000d5e80000)
 Metaspace       used 62261K, committed 63296K, reserved 1114112K
  class space    used 6711K, committed 7168K, reserved 1048576K
}
Event: 949729.672 GC heap after
{Heap after GC invocations=206 (full 12):
 PSYoungGen      total 3584K, used 192K [0x00000000eab00000, 0x00000000eb100000, 0x0000000100000000)
  eden space 3072K, 0% used [0x00000000eab00000,0x00000000eab00000,0x00000000eae00000)
  from space 512K, 37% used [0x00000000eb080000,0x00000000eb0b0000,0x00000000eb100000)
  to   space 512K, 0% used [0x00000000eb000000,0x00000000eb000000,0x00000000eb080000)
 ParOldGen       total 358912K, used 333444K [0x00000000c0000000, 0x00000000d5e80000, 0x00000000eab00000)
  object space 358912K, 92% used [0x00000000c0000000,0x00000000d45a1290,0x00000000d5e80000)
 Metaspace       used 62261K, committed 63296K, reserved 1114112K
  class space    used 6711K, committed 7168K, reserved 1048576K
}
Event: 953747.664 GC heap before
{Heap before GC invocations=207 (full 12):
 PSYoungGen      total 3584K, used 3264K [0x00000000eab00000, 0x00000000eb100000, 0x0000000100000000)
  eden space 3072K, 100% used [0x00000000eab00000,0x00000000eae00000,0x00000000eae00000)
  from space 512K, 37% used [0x00000000eb080000,0x00000000eb0b0000,0x00000000eb100000)
  to   space 512K, 0% used [0x00000000eb000000,0x00000000eb000000,0x00000000eb080000)
 ParOldGen       total 358912K, used 333444K [0x00000000c0000000, 0x00000000d5e80000, 0x00000000eab00000)
  object space 358912K, 92% used [0x00000000c0000000,0x00000000d45a1290,0x00000000d5e80000)
 Metaspace       used 62263K, committed 63296K, reserved 1114112K
  class space    used 6711K, committed 7168K, reserved 1048576K
}
Event: 953747.834 GC heap after
{Heap after GC invocations=207 (full 12):
 PSYoungGen      total 3584K, used 256K [0x00000000eab00000, 0x00000000eb100000, 0x0000000100000000)
  eden space 3072K, 0% used [0x00000000eab00000,0x00000000eab00000,0x00000000eae00000)
  from space 512K, 50% used [0x00000000eb000000,0x00000000eb040000,0x00000000eb080000)
  to   space 512K, 0% used [0x00000000eb080000,0x00000000eb080000,0x00000000eb100000)
 ParOldGen       total 358912K, used 333444K [0x00000000c0000000, 0x00000000d5e80000, 0x00000000eab00000)
  object space 358912K, 92% used [0x00000000c0000000,0x00000000d45a1290,0x00000000d5e80000)
 Metaspace       used 62263K, committed 63296K, reserved 1114112K
  class space    used 6711K, committed 7168K, reserved 1048576K
}

